###############################################################################
#                                                                             #
# IAR ANSI C/C++ Compiler V6.30.1.53127/W32 for ARM     16/Nov/2014  15:25:32 #
# Copyright 1999-2011 IAR Systems AB.                                         #
#                                                                             #
#    Cpu mode     =  thumb                                                    #
#    Endian       =  little                                                   #
#    Source file  =  D:\IAR_TEST\Sirius\Sirius V2.2\src\Sources\C\SD_C\SD.c   #
#    Command line =  "D:\IAR_TEST\Sirius\Sirius V2.2\src\Sources\C\SD_C\SD.c" #
#                     -D IAR -D TWR_K60N512 -lCN "D:\IAR_TEST\Sirius\Sirius   #
#                    V2.2\bin\Flash\List\" -lB "D:\IAR_TEST\Sirius\Sirius     #
#                    V2.2\bin\Flash\List\" -o "D:\IAR_TEST\Sirius\Sirius      #
#                    V2.2\bin\Flash\Obj\" --no_cse --no_unroll --no_inline    #
#                    --no_code_motion --no_tbaa --no_clustering               #
#                    --no_scheduling --debug --endian=little --cpu=Cortex-M4  #
#                    -e --fpu=None --dlib_config "C:\Program Files (x86)\IAR  #
#                    Systems\Embedded Workbench 6.3\arm\INC\c\DLib_Config_Nor #
#                    mal.h" -I "D:\IAR_TEST\Sirius\Sirius                     #
#                    V2.2\src\Sources\H\" -I "D:\IAR_TEST\Sirius\Sirius       #
#                    V2.2\src\Sources\H\Component_H\" -I                      #
#                    "D:\IAR_TEST\Sirius\Sirius V2.2\src\Sources\H\Frame_H\"  #
#                    -I "D:\IAR_TEST\Sirius\Sirius                            #
#                    V2.2\src\Sources\H\Function_H\" -I                       #
#                    "D:\IAR_TEST\Sirius\Sirius V2.2\src\Sources\H\SD_H\"     #
#                    -Ol --use_c++_inline                                     #
#    List file    =  D:\IAR_TEST\Sirius\Sirius V2.2\bin\Flash\List\SD.lst     #
#    Object file  =  D:\IAR_TEST\Sirius\Sirius V2.2\bin\Flash\Obj\SD.o        #
#                                                                             #
#                                                                             #
###############################################################################

D:\IAR_TEST\Sirius\Sirius V2.2\src\Sources\C\SD_C\SD.c
      1          /******************************************************************************/
      2          /*******************************************************************************
      3            文件名：SD配置C文件 SD.c
      4            功  能：SD卡操作与配置
      5            日  期：2014.11.11
      6            作  者：HJZ
      7            备  注：
      8          *******************************************************************************/
      9          /******************************************************************************/
     10          #include "SD.h"
     11          
     12          
     13          
     14          


 

 


Errors: none
Warnings: none
